================================================================================
HMAIS MEMORY LOG
Started: 2026-02-07T00:14:04.355828
================================================================================

[00:41:48.597] 
============================================================
[00:41:48.597] POI REGISTERED
============================================================

[00:41:48.597] {
  "POI类型": "事件 (Event)",
  "Event UUID": "8D401052-39B3-11E8-BF66-D9AA8AFF4A69",
  "关系类型": "WRITE",
  "事件类别": "write",
  "事件类型": "EVENT_WRITE",
  "事件名称": "aue_write",
  "源节点": "nginx (process)",
  "目标节点": "/tmp/grain (file)",
  "源节点ID": "7D401031-39B3-11E8-BF66-D9AA8AFF4A69",
  "目标节点ID": "7D401033-39B3-11E8-BF66-D9AA8AFF4A69"
}

[00:41:48.731] --- Action Recorded ---
Action: 查找进程 7D401031-39B3-11E8-BF66-D9AA8AFF4A69 的父进程
Result: no_results

[00:41:48.935] --- Action Recorded ---
Action: 查找文件 7D401033-39B3-11E8-BF66-D9AA8AFF4A69 被哪些进程读取
Result: no_results

[00:41:49.149] --- Action Recorded ---
Action: 查找文件 7D401033-39B3-11E8-BF66-D9AA8AFF4A69 被哪些进程执行
Result: no_results

[00:41:49.352] --- Action Recorded ---
Action: 查找文件 7D401033-39B3-11E8-BF66-D9AA8AFF4A69 被哪些进程写入
Result: no_results

[00:41:49.542] --- Action Recorded ---
Action: 查找进程 7D401031-39B3-11E8-BF66-D9AA8AFF4A69 接收的网络数据
Result: success


[00:42:01.714] 
============================================================
[00:42:01.714] [迭代 5] MEMORY STATE UPDATE
============================================================

[00:42:01.714] --- 叙述性攻击摘要 ---
攻击始于外部 IP 25.159.96.207:80 利用面向公众的应用漏洞（T1190）向 nginx 进程发起初始访问，成功实现入侵。当前调查焦点为 nginx 进程的后续行为。

[00:42:01.714] --- MITRE TTP 链 ---
  1. [Initial Access] T1190 (Exploit Public-Facing Application) - 25.159.96.207:80 → nginx

[00:42:01.856] --- Action Recorded ---
Action: 查找进程 7D401031-39B3-11E8-BF66-D9AA8AFF4A69 执行的文件
Result: no_results

[00:42:02.113] --- Action Recorded ---
Action: 查找写入文件 7D401033-39B3-11E8-BF66-D9AA8AFF4A69 的进程
Result: no_results

[00:42:02.355] --- Action Recorded ---
Action: 查找进程 7D401031-39B3-11E8-BF66-D9AA8AFF4A69 接收的网络数据
Result: success

[00:42:02.630] --- Malicious Event Added ---
Event ID: 8D40105F-39B3-11E8-BF66-D9AA8AFF4A69
Event Type: EVENT_RECVFROM
MITRE: T1190

[00:42:15.623] 
============================================================
[00:42:15.623] [迭代 8] MEMORY STATE UPDATE
============================================================

[00:42:15.623] --- 叙述性攻击摘要 ---
攻击始于外部 IP 25.159.96.207:80 利用面向公众的应用漏洞（T1190）向 nginx 进程发起初始访问，成功实现入侵；随后另一外部 IP 76.56.184.25:80 再次利用相同漏洞（T1190）对同一 nginx 进程发起攻击，表明攻击者可能采用多源协同或冗余渗透策略。两次初始访问均指向同一服务入口，强化了该漏洞被主动武器化利用的判断。当前调查焦点为 nginx 进程的后续行为。

[00:42:15.623] --- MITRE TTP 链 ---
  1. [Initial Access] T1190 (Exploit Public-Facing Application) - 25.159.96.207:80 → nginx
  2. [Initial Access] T1190 (Exploit Public-Facing Application) - 76.56.184.25:80 → nginx

[00:42:15.819] --- Action Recorded ---
Action: 查找进程 7D401031-39B3-11E8-BF66-D9AA8AFF4A69 的子进程
Result: no_results

[00:42:16.098] --- Action Recorded ---
Action: 查找与 IP 7D401038-39B3-11E8-BF66-D9AA8AFF4A69 的其他通信
Result: no_results

[00:42:16.206] --- Action Recorded ---
Action: 查找哪些进程向 IP 7D401038-39B3-11E8-BF66-D9AA8AFF4A69 发送数据
Result: no_results

[00:42:16.448] --- Action Recorded ---
Action: 查找 IP 7D401038-39B3-11E8-BF66-D9AA8AFF4A69 发送给哪些进程
Result: no_results

[00:42:16.562] --- Action Recorded ---
Action: 查找进程 7D401031-39B3-11E8-BF66-D9AA8AFF4A69 的子进程
Result: success


[00:42:26.986] 
============================================================
[00:42:26.986] [迭代 13] MEMORY STATE UPDATE
============================================================

[00:42:26.986] --- 叙述性攻击摘要 ---
攻击始于外部 IP 25.159.96.207:80 利用面向公众的应用漏洞（T1190）向 nginx 进程发起初始访问，成功实现入侵；随后另一外部 IP 76.56.184.25:80 再次利用相同漏洞（T1190）对同一 nginx 进程发起攻击，表明攻击者可能采用多源协同或冗余渗透策略。两次初始访问均指向同一服务入口，强化了该漏洞被主动武器化利用的判断。此后，nginx 进程派生出 sshd 子进程执行恶意命令（T1059.004），标志着攻击已从初始接入阶段转入执行阶段。当前调查焦点为 nginx 派生 sshd 进程后的进一步行为，包括其加载的脚本、内存注入或横向移动尝试。

[00:42:26.986] --- MITRE TTP 链 ---
  1. [Initial Access] T1190 (Exploit Public-Facing Application) - 25.159.96.207:80 → nginx
  2. [Initial Access] T1190 (Exploit Public-Facing Application) - 76.56.184.25:80 → nginx
  3. [Execution] T1059.004 (Unix Shell) - nginx → sshd

[00:42:27.184] --- Action Recorded ---
Action: 查找进程 7D401034-39B3-11E8-BF66-D9AA8AFF4A69 读取的文件
Result: no_results

[00:42:27.322] --- Action Recorded ---
Action: 查找进程 7D401031-39B3-11E8-BF66-D9AA8AFF4A69 的父进程
Result: no_results

[00:42:27.502] --- Action Recorded ---
Action: 查找进程 7D401031-39B3-11E8-BF66-D9AA8AFF4A69 读取的文件
Result: no_results

[00:42:27.793] --- Action Recorded ---
Action: 查找进程 7D401031-39B3-11E8-BF66-D9AA8AFF4A69 写入的文件
Result: no_results

[00:42:27.933] --- Action Recorded ---
Action: 查找进程 7D401031-39B3-11E8-BF66-D9AA8AFF4A69 的子进程
Result: success

[00:42:28.160] --- Malicious Event Added ---
Event ID: 8D40105E-39B3-11E8-BF66-D9AA8AFF4A69
Event Type: EVENT_FORK
MITRE: T1059.004

[00:42:41.191] 
============================================================
[00:42:41.191] [迭代 18] MEMORY STATE UPDATE
============================================================

[00:42:41.191] --- 叙述性攻击摘要 ---
攻击始于外部 IP 25.159.96.207:80 利用面向公众的应用漏洞（T1190）向 nginx 进程发起初始访问，成功实现入侵；随后另一外部 IP 76.56.184.25:80 再次利用相同漏洞（T1190）对同一 nginx 进程发起攻击，表明攻击者采用多源协同渗透策略。两次初始接入后，nginx 进程同步派生出 sshd 和 crontab 两个子进程执行恶意命令（均属 T1059.004），标志着攻击已从初始接入阶段快速转入并行执行阶段：sshd 进程用于建立持久化远程控制通道，而 crontab 进程则被用于植入定时任务以实现持久化驻留（如写入 /etc/crontab 或用户级 cron 目录）。当前调查焦点为 nginx 派生的 crontab 进程所加载的具体脚本内容、注册的调度规则及其后续网络外联行为，同时需关联分析 sshd 进程是否存在内存注入或横向移动尝试。

[00:42:41.191] --- MITRE TTP 链 ---
  1. [Initial Access] T1190 (Exploit Public-Facing Application) - 25.159.96.207:80 → nginx
  2. [Initial Access] T1190 (Exploit Public-Facing Application) - 76.56.184.25:80 → nginx
  3. [Execution] T1059.004 (Unix Shell) - nginx → sshd
  4. [Execution] T1059.004 (Unix Shell) - nginx → crontab

[00:42:41.304] --- Action Recorded ---
Action: 查找哪些进程向 IP 7D401030-39B3-11E8-BF66-D9AA8AFF4A69 发送数据
Result: no_results

[00:42:41.423] --- Action Recorded ---
Action: 查找进程 7D40103F-39B3-11E8-BF66-D9AA8AFF4A69 的子进程
Result: no_results

[00:42:41.537] --- Action Recorded ---
Action: 查找进程 7D401031-39B3-11E8-BF66-D9AA8AFF4A69 发送的网络数据
Result: success

[00:42:41.720] --- Malicious Event Added ---
Event ID: 8D401056-39B3-11E8-BF66-D9AA8AFF4A69
Event Type: EVENT_SENDTO
MITRE: T1071.001

[00:42:56.285] 
============================================================
[00:42:56.285] [迭代 21] MEMORY STATE UPDATE
============================================================

[00:42:56.285] --- 叙述性攻击摘要 ---
攻击始于外部 IP 25.159.96.207:80 利用面向公众的应用漏洞（T1190）向 nginx 进程发起初始访问；随后另一外部 IP 76.56.184.25:80 再次利用相同漏洞（T1190）对同一 nginx 进程实施协同渗透。两次初始接入后，nginx 迅速派生 sshd 和 crontab 两个子进程执行恶意命令（均属 T1059.004），进入并行执行阶段：sshd 用于建立持久化远程控制通道，crontab 用于植入定时任务实现驻留。值得注意的是，在初始接入与子进程派生之间，nginx 进程主动向 C2 服务器 155.162.39.48:80 发起 HTTP 协议通信（T1071.001），表明其在获得执行权限后立即启动命令与控制阶段，可能用于回传侦察数据或接收后续指令。当前调查焦点为 nginx 派生的 crontab 进程所加载的具体脚本内容、注册的调度规则及其后续网络外联行为，同时需关联分析 sshd 进程是否存在内存注入或横向移动尝试，并核查 nginx 向 155.162.39.48:80 通信的载荷特征与响应内容。

[00:42:56.285] --- MITRE TTP 链 ---
  1. [Initial Access] T1190 (Exploit Public-Facing Application) - 25.159.96.207:80 → nginx
  2. [Initial Access] T1190 (Exploit Public-Facing Application) - 76.56.184.25:80 → nginx
  3. [Execution] T1059.004 (Unix Shell) - nginx → sshd
  4. [Execution] T1059.004 (Unix Shell) - nginx → crontab
  5. [Command and Control] T1071.001 (Web Protocols) - nginx → 155.162.39.48:80

[00:42:56.492] --- Action Recorded ---
Action: 查找哪些进程向 IP 7D401037-39B3-11E8-BF66-D9AA8AFF4A69 发送数据
Result: no_results

[00:42:56.686] --- Action Recorded ---
Action: 查找进程 7D40103F-39B3-11E8-BF66-D9AA8AFF4A69 执行的文件
Result: no_results

[00:42:56.963] --- Action Recorded ---
Action: 查找 IP 7D401030-39B3-11E8-BF66-D9AA8AFF4A69 发送给哪些进程
Result: no_results

[00:42:57.151] --- Action Recorded ---
Action: 查找进程 7D401031-39B3-11E8-BF66-D9AA8AFF4A69 发送的网络数据
Result: success

[00:42:57.315] --- Malicious Event Added ---
Event ID: 8D40105A-39B3-11E8-BF66-D9AA8AFF4A69
Event Type: EVENT_SENDTO
MITRE: T1071.001

[00:43:11.578] 
============================================================
[00:43:11.578] [迭代 25] MEMORY STATE UPDATE
============================================================

[00:43:11.578] --- 叙述性攻击摘要 ---
攻击始于外部 IP 25.159.96.207:80 和 76.56.184.25:80 先后利用面向公众的应用漏洞（T1190）对 nginx 进程发起协同初始访问。获得执行权限后，nginx 迅速派生 sshd 和 crontab 两个子进程执行恶意命令（T1059.004），进入并行执行阶段：sshd 用于建立持久化远程控制通道，crontab 用于植入定时任务实现驻留。与此同时，nginx 主动向两处 C2 服务器发起 Web 协议通信——先于 155.162.39.48:80（T1071.001），继而连接 203.0.113.12:8080（T1071.001），表明其在渗透初期即启动多通道命令与控制，可能用于冗余指令接收、数据分片回传或负载分流。当前调查焦点为 nginx 派生的 crontab 进程所加载的具体脚本内容、注册的调度规则及其后续网络外联行为，同时需关联分析 sshd 进程是否存在内存注入或横向移动尝试，并深入核查 nginx 向 155.162.39.48:80 与 203.0.113.12:8080 两次通信的载荷特征、响应内容及时间序列关联性。

[00:43:11.578] --- MITRE TTP 链 ---
  1. [Initial Access] T1190 (Exploit Public-Facing Application) - 25.159.96.207:80 → nginx
  2. [Initial Access] T1190 (Exploit Public-Facing Application) - 76.56.184.25:80 → nginx
  3. [Execution] T1059.004 (Unix Shell) - nginx → sshd
  4. [Execution] T1059.004 (Unix Shell) - nginx → crontab
  5. [Command and Control] T1071.001 (Web Protocols) - nginx → 155.162.39.48:80
  6. [Command and Control] T1071.001 (Web Protocols) - nginx → 203.0.113.12:8080

[00:43:11.723] --- Action Recorded ---
Action: 查找与 IP 7D40103B-39B3-11E8-BF66-D9AA8AFF4A69 的其他通信
Result: no_results

[00:43:12.006] --- Action Recorded ---
Action: 查找 IP 7D401037-39B3-11E8-BF66-D9AA8AFF4A69 发送给哪些进程
Result: no_results

[00:43:12.199] --- Action Recorded ---
Action: 查找进程 7D40103F-39B3-11E8-BF66-D9AA8AFF4A69 读取的文件
Result: no_results

[00:43:12.397] --- Action Recorded ---
Action: 查找进程 7D401034-39B3-11E8-BF66-D9AA8AFF4A69 的子进程
Result: success


[00:43:22.368] 
============================================================
[00:43:22.368] [迭代 29] MEMORY STATE UPDATE
============================================================

[00:43:22.368] --- 叙述性攻击摘要 ---
攻击始于外部 IP 25.159.96.207:80 和 76.56.184.25:80 先后利用面向公众的应用漏洞（T1190）对 nginx 进程发起协同初始访问。获得执行权限后，nginx 派生 sshd 和 crontab 两个子进程执行恶意命令（T1059.004），进入并行执行阶段：sshd 用于建立持久化远程控制通道，crontab 用于植入定时任务实现驻留；与此同时，nginx 主动向两处 C2 服务器发起 Web 协议通信——先于 155.162.39.48:80（T1071.001），继而连接 203.0.113.12:8080（T1071.001），表明其在渗透初期即启动多通道命令与控制。最新确认，sshd 进程进一步派生 root-shell 子进程（T1059.004），标志攻击者已获取高权限交互式 shell，具备完整系统操控能力。当前调查焦点为 nginx 派生的 crontab 进程所加载的具体脚本内容、注册的调度规则及其后续网络外联行为，同时需关联分析 root-shell 的指令历史、内存驻留痕迹及潜在横向移动动作，并深入核查 nginx 向 155.162.39.48:80 与 203.0.113.12:8080 两次通信的载荷特征、响应内容及时间序列关联性。

[00:43:22.368] --- MITRE TTP 链 ---
  1. [Initial Access] T1190 (Exploit Public-Facing Application) - 25.159.96.207:80 → nginx
  2. [Initial Access] T1190 (Exploit Public-Facing Application) - 76.56.184.25:80 → nginx
  3. [Execution] T1059.004 (Unix Shell) - nginx → sshd
  4. [Execution] T1059.004 (Unix Shell) - nginx → crontab
  5. [Command and Control] T1071.001 (Web Protocols) - nginx → 155.162.39.48:80
  6. [Command and Control] T1071.001 (Web Protocols) - nginx → 203.0.113.12:8080
  7. [Execution] T1059.004 (Unix Shell) - sshd → root-shell

[00:43:22.514] --- Action Recorded ---
Action: 查找哪些进程向 IP 7D40103B-39B3-11E8-BF66-D9AA8AFF4A69 发送数据
Result: no_results

[00:43:22.683] --- Action Recorded ---
Action: 查找进程 7D401034-39B3-11E8-BF66-D9AA8AFF4A69 接收的网络数据
Result: no_results

[00:43:22.803] --- Action Recorded ---
Action: 查找进程 7D401034-39B3-11E8-BF66-D9AA8AFF4A69 写入的文件
Result: no_results

[00:43:23.024] --- Action Recorded ---
Action: 查找进程 7D401039-39B3-11E8-BF66-D9AA8AFF4A69 的子进程
Result: no_results

[00:43:23.264] --- Action Recorded ---
Action: 查找文件 7D401033-39B3-11E8-BF66-D9AA8AFF4A69 被哪些进程执行
Result: success

[00:43:23.489] --- Malicious Event Added ---
Event ID: 8D401053-39B3-11E8-BF66-D9AA8AFF4A69
Event Type: EVENT_EXECUTE
MITRE: T1059

[00:43:38.341] 
============================================================
[00:43:38.341] [迭代 34] MEMORY STATE UPDATE
============================================================

[00:43:38.341] --- 叙述性攻击摘要 ---
攻击始于外部 IP 25.159.96.207:80 和 76.56.184.25:80 先后利用面向公众的应用漏洞（T1190）对 nginx 进程发起协同初始访问。获得执行权限后，nginx 派生 sshd 和 crontab 两个子进程执行恶意命令（T1059.004），进入并行执行阶段：sshd 用于建立持久化远程控制通道，crontab 用于植入定时任务实现驻留；与此同时，nginx 主动向两处 C2 服务器发起 Web 协议通信——先于 155.162.39.48:80（T1071.001），继而连接 203.0.113.12:8080（T1071.001），表明其在渗透初期即启动多通道命令与控制。随后，sshd 进程进一步派生 root-shell 子进程（T1059.004），标志攻击者已获取高权限交互式 shell；与此同时，恶意载荷 /tmp/grain 被执行并启动 grain 进程（T1059），该行为独立于前述路径，可能构成横向移动或备用执行入口。当前调查焦点为 nginx 派生的 crontab 进程所加载的具体脚本内容、注册的调度规则及其后续网络外联行为，同时需关联分析 root-shell 的指令历史、内存驻留痕迹、grain 进程的通信目标及行为特征，并深入核查 nginx 向 155.162.39.48:80 与 203.0.113.12:8080 两次通信的载荷特征、响应内容及时间序列关联性。

[00:43:38.341] --- MITRE TTP 链 ---
  1. [Initial Access] T1190 (Exploit Public-Facing Application) - 25.159.96.207:80 → nginx
  2. [Initial Access] T1190 (Exploit Public-Facing Application) - 76.56.184.25:80 → nginx
  3. [Execution] T1059.004 (Unix Shell) - nginx → sshd
  4. [Execution] T1059.004 (Unix Shell) - nginx → crontab
  5. [Command and Control] T1071.001 (Web Protocols) - nginx → 155.162.39.48:80
  6. [Command and Control] T1071.001 (Web Protocols) - nginx → 203.0.113.12:8080
  7. [Execution] T1059.004 (Unix Shell) - sshd → root-shell
  8. [Execution] T1059 (Command and Scripting Interpreter) - /tmp/grain → grain

[00:43:38.566] --- Action Recorded ---
Action: 查找与 IP 7D401037-39B3-11E8-BF66-D9AA8AFF4A69 的其他通信
Result: no_results

[00:43:38.736] --- Action Recorded ---
Action: 查找进程 7D40103F-39B3-11E8-BF66-D9AA8AFF4A69 发送的网络数据
Result: no_results

[00:43:38.845] --- Action Recorded ---
Action: 查找进程 7D401032-39B3-11E8-BF66-D9AA8AFF4A69 写入的文件
Result: success

[00:43:39.059] --- Malicious Event Added ---
Event ID: 8D401054-39B3-11E8-BF66-D9AA8AFF4A69
Event Type: EVENT_WRITE
MITRE: T1105

[00:43:53.951] 
============================================================
[00:43:53.951] [迭代 37] MEMORY STATE UPDATE
============================================================

[00:43:53.951] --- 叙述性攻击摘要 ---
攻击始于外部 IP 25.159.96.207:80 和 76.56.184.25:80 先后利用面向公众的应用漏洞（T1190）对 nginx 进程发起协同初始访问。获得执行权限后，nginx 派生 sshd 和 crontab 两个子进程执行恶意命令（T1059.004），进入并行执行阶段：sshd 用于建立持久化远程控制通道，crontab 用于植入定时任务实现驻留；与此同时，nginx 主动向两处 C2 服务器发起 Web 协议通信——先于 155.162.39.48:80（T1071.001），继而连接 203.0.113.12:8080（T1071.001），表明其在渗透初期即启动多通道命令与控制。随后，sshd 进程进一步派生 root-shell 子进程（T1059.004），标志攻击者已获取高权限交互式 shell；与此同时，恶意载荷 /tmp/grain 被执行并启动 grain 进程（T1059）。grain 进程随即向本地路径 /usr/log/xsd 写入新文件（T1105），该行为构成隐蔽的工具投送与落地，可能为后续横向移动或提权准备基础设施。当前调查焦点为 nginx 派生的 crontab 进程所加载的具体脚本内容、注册的调度规则及其后续网络外联行为，同时需关联分析 root-shell 的指令历史、内存驻留痕迹、grain 进程的通信目标及行为特征，并深入核查 nginx 向 155.162.39.48:80 与 203.0.113.12:8080 两次通信的载荷特征、响应内容及时间序列关联性，以及 /usr/log/xsd 文件的完整性、签名与执行上下文。

[00:43:53.951] --- MITRE TTP 链 ---
  1. [Initial Access] T1190 (Exploit Public-Facing Application) - 25.159.96.207:80 → nginx
  2. [Initial Access] T1190 (Exploit Public-Facing Application) - 76.56.184.25:80 → nginx
  3. [Execution] T1059.004 (Unix Shell) - nginx → sshd
  4. [Execution] T1059.004 (Unix Shell) - nginx → crontab
  5. [Command and Control] T1071.001 (Web Protocols) - nginx → 155.162.39.48:80
  6. [Command and Control] T1071.001 (Web Protocols) - nginx → 203.0.113.12:8080
  7. [Execution] T1059.004 (Unix Shell) - sshd → root-shell
  8. [Execution] T1059 (Command and Scripting Interpreter) - /tmp/grain → grain
  9. [Command and Control] T1105 (Ingress Tool Transfer) - grain → /usr/log/xsd

[00:43:54.228] --- Action Recorded ---
Action: 查找写入文件 7D40103E-39B3-11E8-BF66-D9AA8AFF4A69 的进程
Result: no_results

[00:43:54.397] --- Action Recorded ---
Action: 查找进程 7D401039-39B3-11E8-BF66-D9AA8AFF4A69 发送的网络数据
Result: no_results

[00:43:54.650] --- Action Recorded ---
Action: 查找文件 7D40103E-39B3-11E8-BF66-D9AA8AFF4A69 被哪些进程读取
Result: no_results

[00:43:54.753] --- Action Recorded ---
Action: 查找进程 7D401031-39B3-11E8-BF66-D9AA8AFF4A69 读取的文件
Result: success

[00:43:55.051] --- Malicious Event Added ---
Event ID: 8D401055-39B3-11E8-BF66-D9AA8AFF4A69
Event Type: EVENT_READ
MITRE: T1005

[00:44:07.651] 
============================================================
[00:44:07.651] [迭代 41] MEMORY STATE UPDATE
============================================================

[00:44:07.651] --- 叙述性攻击摘要 ---
攻击始于外部 IP 25.159.96.207:80 和 76.56.184.25:80 先后利用面向公众的应用漏洞（T1190）对 nginx 进程发起协同初始访问。获得执行权限后，nginx 立即读取系统用户组配置文件 `/etc/group`（T1005），开展本地权限与账户信息收集；随后派生 sshd 和 crontab 两个子进程执行恶意命令（T1059.004），进入并行执行阶段：sshd 用于建立持久化远程控制通道，crontab 用于植入定时任务实现驻留；与此同时，nginx 主动向两处 C2 服务器发起 Web 协议通信——先于 155.162.39.48:80（T1071.001），继而连接 203.0.113.12:8080（T1071.001），表明其在渗透初期即启动多通道命令与控制。sshd 进一步派生 root-shell 子进程（T1059.004），标志攻击者已获取高权限交互式 shell；恶意载荷 `/tmp/grain` 被执行并启动 grain 进程（T1059），随即向 `/usr/log/xsd` 写入新文件（T1105），完成隐蔽工具投送。当前调查焦点为 nginx 派生的 crontab 进程所加载的具体脚本内容、注册的调度规则及其后续网络外联行为，同时需关联分析 root-shell 的指令历史、内存驻留痕迹、grain 进程的通信目标及行为特征，并深入核查 nginx 向 155.162.39.48:80 与 203.0.113.12:8080 两次通信的载荷特征、响应内容及时间序列关联性，以及 `/usr/log/xsd` 文件的完整性、签名与执行上下文。

[00:44:07.651] --- MITRE TTP 链 ---
  1. [Initial Access] T1190 (Exploit Public-Facing Application) - 25.159.96.207:80 → nginx
  2. [Initial Access] T1190 (Exploit Public-Facing Application) - 76.56.184.25:80 → nginx
  3. [Execution] T1059.004 (Unix Shell) - nginx → sshd
  4. [Execution] T1059.004 (Unix Shell) - nginx → crontab
  5. [Command and Control] T1071.001 (Web Protocols) - nginx → 155.162.39.48:80
  6. [Command and Control] T1071.001 (Web Protocols) - nginx → 203.0.113.12:8080
  7. [Execution] T1059.004 (Unix Shell) - sshd → root-shell
  8. [Execution] T1059 (Command and Scripting Interpreter) - /tmp/grain → grain
  9. [Command and Control] T1105 (Ingress Tool Transfer) - grain → /usr/log/xsd
  10. [Collection] T1005 (Data from Local System) - /etc/group → nginx

[00:44:07.908] --- Action Recorded ---
Action: 查找文件 7D401035-39B3-11E8-BF66-D9AA8AFF4A69 被哪些进程写入
Result: no_results

[00:44:08.096] --- Action Recorded ---
Action: 查找进程 7D40103F-39B3-11E8-BF66-D9AA8AFF4A69 接收的网络数据
Result: no_results

[00:44:08.252] --- Action Recorded ---
Action: 查找文件 7D401035-39B3-11E8-BF66-D9AA8AFF4A69 被哪些进程执行
Result: no_results

[00:44:08.547] --- Action Recorded ---
Action: 查找进程 7D40103F-39B3-11E8-BF66-D9AA8AFF4A69 写入的文件
Result: no_results

[00:44:08.794] --- Action Recorded ---
Action: 查找进程 7D401034-39B3-11E8-BF66-D9AA8AFF4A69 执行的文件
Result: no_results

[00:44:09.015] --- Action Recorded ---
Action: 查找进程 7D401039-39B3-11E8-BF66-D9AA8AFF4A69 写入的文件
Result: success

[00:44:09.235] --- Malicious Event Added ---
Event ID: 8D401058-39B3-11E8-BF66-D9AA8AFF4A69
Event Type: EVENT_WRITE
MITRE: T1105

[00:44:18.504] 
============================================================
[00:44:18.504] [迭代 47] MEMORY STATE UPDATE
============================================================

[00:44:18.504] --- 叙述性攻击摘要 ---
攻击始于外部 IP 25.159.96.207:80 和 76.56.184.25:80 先后利用面向公众的应用漏洞（T1190）对 nginx 进程发起协同初始访问。获得执行权限后，nginx 立即读取系统用户组配置文件 `/etc/group`（T1005），开展本地权限与账户信息收集；随后派生 sshd 和 crontab 两个子进程执行恶意命令（T1059.004），进入并行执行阶段：sshd 用于建立持久化远程控制通道，crontab 用于植入定时任务实现驻留；与此同时，nginx 主动向两处 C2 服务器发起 Web 协议通信——先于 155.162.39.48:80（T1071.001），继而连接 203.0.113.12:8080（T1071.001），表明其在渗透初期即启动多通道命令与控制。sshd 进一步派生 root-shell 子进程（T1059.004），标志攻击者已获取高权限交互式 shell；该 root-shell 随即向 `/root/.ssh/authorized_keys` 写入公钥（T1105），完成持久化后门部署。恶意载荷 `/tmp/grain` 被执行并启动 grain 进程（T1059），随即向 `/usr/log/xsd` 写入新文件（T1105），完成隐蔽工具投送。当前调查焦点为 nginx 派生的 crontab 进程所加载的具体脚本内容、注册的调度规则及其后续网络外联行为，同时需关联分析 root-shell 的指令历史、内存驻留痕迹、grain 进程的通信目标及行为特征，并深入核查 nginx 向 155.162.39.48:80 与 203.0.113.12:8080 两次通信的载荷特征、响应内容及时间序列关联性，以及 `/usr/log/xsd` 文件的完整性、签名与执行上下文。

[00:44:18.504] --- MITRE TTP 链 ---
  1. [Initial Access] T1190 (Exploit Public-Facing Application) - 25.159.96.207:80 → nginx
  2. [Initial Access] T1190 (Exploit Public-Facing Application) - 76.56.184.25:80 → nginx
  3. [Execution] T1059.004 (Unix Shell) - nginx → sshd
  4. [Execution] T1059.004 (Unix Shell) - nginx → crontab
  5. [Command and Control] T1071.001 (Web Protocols) - nginx → 155.162.39.48:80
  6. [Command and Control] T1071.001 (Web Protocols) - nginx → 203.0.113.12:8080
  7. [Execution] T1059.004 (Unix Shell) - sshd → root-shell
  8. [Execution] T1059 (Command and Scripting Interpreter) - /tmp/grain → grain
  9. [Command and Control] T1105 (Ingress Tool Transfer) - grain → /usr/log/xsd
  10. [Collection] T1005 (Data from Local System) - /etc/group → nginx
  11. [Command and Control] T1105 (Ingress Tool Transfer) - root-shell → /root/.ssh/authorized_keys

[00:44:18.710] --- Action Recorded ---
Action: 查找进程 7D40103F-39B3-11E8-BF66-D9AA8AFF4A69 的父进程
Result: no_results

[00:44:18.903] --- Action Recorded ---
Action: 查找 IP 7D40103B-39B3-11E8-BF66-D9AA8AFF4A69 发送给哪些进程
Result: no_results

[00:44:19.154] --- Action Recorded ---
Action: 查找进程 7D401034-39B3-11E8-BF66-D9AA8AFF4A69 的父进程
Result: no_results

[00:44:19.341] --- Action Recorded ---
Action: 查找文件 7D40103A-39B3-11E8-BF66-D9AA8AFF4A69 被哪些进程读取
Result: success

[00:44:19.561] --- Malicious Event Added ---
Event ID: 8D401059-39B3-11E8-BF66-D9AA8AFF4A69
Event Type: EVENT_READ
MITRE: T1552.001

[00:44:32.075] 
============================================================
[00:44:32.075] [迭代 51] MEMORY STATE UPDATE
============================================================

[00:44:32.075] --- 叙述性攻击摘要 ---
攻击始于外部 IP 25.159.96.207:80 和 76.56.184.25:80 先后利用面向公众的应用漏洞（T1190）对 nginx 进程发起协同初始访问。获得执行权限后，nginx 立即读取系统用户组配置文件 `/etc/group`（T1005），开展本地权限与账户信息收集；随后派生 sshd 和 crontab 两个子进程执行恶意命令（T1059.004），进入并行执行阶段：sshd 用于建立持久化远程控制通道，crontab 用于植入定时任务实现驻留；与此同时，nginx 主动向两处 C2 服务器发起 Web 协议通信——先于 155.162.39.48:80（T1071.001），继而连接 203.0.113.12:8080（T1071.001），表明其在渗透初期即启动多通道命令与控制。sshd 进一步派生 root-shell 子进程（T1059.004），标志攻击者已获取高权限交互式 shell；该 root-shell 向 `/root/.ssh/authorized_keys` 写入公钥（T1105），完成持久化后门部署；值得注意的是，后续 sshd 进程又主动读取该文件以复用凭据（T1552.001），体现凭证重用与横向扩展意图。恶意载荷 `/tmp/grain` 被执行并启动 grain 进程（T1059），随即向 `/usr/log/xsd` 写入新文件（T1105），完成隐蔽工具投送。当前调查焦点为 nginx 派生的 crontab 进程所加载的具体脚本内容、注册的调度规则及其后续网络外联行为，同时需关联分析 root-shell 的指令历史、内存驻留痕迹、grain 进程的通信目标及行为特征，并深入核查 nginx 向 155.162.39.48:80 与 203.0.113.12:8080 两次通信的载荷特征、响应内容及时间序列关联性，以及 `/usr/log/xsd` 文件的完整性、签名与执行上下文。

[00:44:32.075] --- MITRE TTP 链 ---
  1. [Initial Access] T1190 (Exploit Public-Facing Application) - 25.159.96.207:80 → nginx
  2. [Initial Access] T1190 (Exploit Public-Facing Application) - 76.56.184.25:80 → nginx
  3. [Execution] T1059.004 (Unix Shell) - nginx → sshd
  4. [Execution] T1059.004 (Unix Shell) - nginx → crontab
  5. [Command and Control] T1071.001 (Web Protocols) - nginx → 155.162.39.48:80
  6. [Command and Control] T1071.001 (Web Protocols) - nginx → 203.0.113.12:8080
  7. [Execution] T1059.004 (Unix Shell) - sshd → root-shell
  8. [Execution] T1059 (Command and Scripting Interpreter) - /tmp/grain → grain
  9. [Command and Control] T1105 (Ingress Tool Transfer) - grain → /usr/log/xsd
  10. [Collection] T1005 (Data from Local System) - /etc/group → nginx
  11. [Command and Control] T1105 (Ingress Tool Transfer) - root-shell → /root/.ssh/authorized_keys
  12. [Credential Access] T1552.001 (Credentials In Files) - /root/.ssh/authorized_keys → sshd

[00:44:32.183] --- Action Recorded ---
Action: 查找进程 7D401034-39B3-11E8-BF66-D9AA8AFF4A69 发送的网络数据
Result: no_results

[00:44:32.390] --- Action Recorded ---
Action: 查找进程 7D401039-39B3-11E8-BF66-D9AA8AFF4A69 执行的文件
Result: no_results

[00:44:32.567] --- Action Recorded ---
Action: 查找文件 7D40103A-39B3-11E8-BF66-D9AA8AFF4A69 被哪些进程写入
Result: no_results

[00:44:32.775] --- Action Recorded ---
Action: 查找进程 7D401039-39B3-11E8-BF66-D9AA8AFF4A69 读取的文件
Result: no_results

[00:44:33.005] --- Action Recorded ---
Action: 查找进程 7D401032-39B3-11E8-BF66-D9AA8AFF4A69 的子进程
Result: no_results

[00:44:33.115] --- Action Recorded ---
Action: 查找 IP 7D40103B-39B3-11E8-BF66-D9AA8AFF4A69 发送给哪些进程
Result: success

[00:44:33.279] --- Malicious Event Added ---
Event ID: 8D40105B-39B3-11E8-BF66-D9AA8AFF4A69
Event Type: EVENT_RECVFROM
MITRE: T1190

[00:44:42.901] 
============================================================
[00:44:42.901] [迭代 57] MEMORY STATE UPDATE
============================================================

[00:44:42.901] --- 叙述性攻击摘要 ---
攻击始于外部 IP 25.159.96.207:80 和 76.56.184.25:80 先后利用面向公众的应用漏洞（T1190）对 nginx 进程发起协同初始访问。获得执行权限后，nginx 立即读取 `/etc/group`（T1005），开展本地账户信息收集；随后派生 sshd 和 crontab 子进程执行恶意命令（T1059.004），进入并行执行阶段：sshd 建立持久化远程控制通道，crontab 植入定时任务实现驻留；与此同时，nginx 主动向两处 C2 服务器发起 Web 协议通信——先于 155.162.39.48:80（T1071.001），继而连接 203.0.113.12:8080（T1071.001）。值得注意的是，C2 服务器 203.0.113.12:8080 反向向本地 bash 进程发起连接（T1190），表明攻击者已通过该通道完成二次注入与控制权移交，形成闭环渗透链。sshd 随即派生 root-shell（T1059.004），向 `/root/.ssh/authorized_keys` 写入公钥（T1105），完成高权限后门部署；其后又主动读取该文件复用凭据（T1552.001），体现横向扩展意图。恶意载荷 `/tmp/grain` 被执行并启动 grain 进程（T1059），向 `/usr/log/xsd` 写入新文件（T1105），完成隐蔽工具投送。当前调查焦点为 nginx 派生的 crontab 进程所加载的具体脚本内容、注册的调度规则及其后续网络外联行为，同时需关联分析 root-shell 的指令历史、内存驻留痕迹、grain 进程的通信目标及行为特征，并深入核查 nginx 与 203.0.113.12:8080 的双向交互时序、bash 进程的上下文来源及权限提升路径。

[00:44:42.901] --- MITRE TTP 链 ---
  1. [Initial Access] T1190 (Exploit Public-Facing Application) - 25.159.96.207:80 → nginx
  2. [Initial Access] T1190 (Exploit Public-Facing Application) - 76.56.184.25:80 → nginx
  3. [Execution] T1059.004 (Unix Shell) - nginx → sshd
  4. [Execution] T1059.004 (Unix Shell) - nginx → crontab
  5. [Command and Control] T1071.001 (Web Protocols) - nginx → 155.162.39.48:80
  6. [Command and Control] T1071.001 (Web Protocols) - nginx → 203.0.113.12:8080
  7. [Execution] T1059.004 (Unix Shell) - sshd → root-shell
  8. [Execution] T1059 (Command and Scripting Interpreter) - /tmp/grain → grain
  9. [Command and Control] T1105 (Ingress Tool Transfer) - grain → /usr/log/xsd
  10. [Collection] T1005 (Data from Local System) - /etc/group → nginx
  11. [Command and Control] T1105 (Ingress Tool Transfer) - root-shell → /root/.ssh/authorized_keys
  12. [Credential Access] T1552.001 (Credentials In Files) - /root/.ssh/authorized_keys → sshd
  13. [Initial Access] T1190 (Exploit Public-Facing Application) - 203.0.113.12:8080 → bash

[00:44:43.007] --- Action Recorded ---
Action: 查找进程 7D40103C-39B3-11E8-BF66-D9AA8AFF4A69 执行的文件
Result: no_results

[00:44:43.147] --- Action Recorded ---
Action: 查找进程 7D40103C-39B3-11E8-BF66-D9AA8AFF4A69 读取的文件
Result: no_results

[00:44:43.417] --- Action Recorded ---
Action: 查找进程 7D401032-39B3-11E8-BF66-D9AA8AFF4A69 接收的网络数据
Result: no_results

[00:44:43.700] --- Action Recorded ---
Action: 查找进程 7D401039-39B3-11E8-BF66-D9AA8AFF4A69 接收的网络数据
Result: no_results

[00:44:43.974] --- Action Recorded ---
Action: 查找写入文件 7D40103A-39B3-11E8-BF66-D9AA8AFF4A69 的进程
Result: no_results

[00:44:44.115] --- Action Recorded ---
Action: 查找进程 7D40103C-39B3-11E8-BF66-D9AA8AFF4A69 写入的文件
Result: success


[00:44:57.903] 
============================================================
[00:44:57.903] [迭代 63] MEMORY STATE UPDATE
============================================================

[00:44:57.903] --- 叙述性攻击摘要 ---
攻击始于外部 IP 25.159.96.207:80 和 76.56.184.25:80 先后利用面向公众的应用漏洞（T1190）对 nginx 进程发起协同初始访问。获得执行权限后，nginx 立即读取 `/etc/group`（T1005），开展本地账户信息收集；随后派生 sshd 和 crontab 子进程执行恶意命令（T1059.004），进入并行执行阶段：sshd 建立持久化远程控制通道，crontab 植入定时任务实现驻留；与此同时，nginx 主动向两处 C2 服务器发起 Web 协议通信——先于 155.162.39.48:80（T1071.001），继而连接 203.0.113.12:8080（T1071.001）。值得注意的是，C2 服务器 203.0.113.12:8080 反向向本地 bash 进程发起连接（T1190），完成二次注入与控制权移交；bash 随即向 `/tmp/.cache` 写入数据（T1105），强化隐蔽存储能力。sshd 随即派生 root-shell（T1059.004），向 `/root/.ssh/authorized_keys` 写入公钥（T1105），完成高权限后门部署；其后又主动读取该文件复用凭据（T1552.001），体现横向扩展意图。恶意载荷 `/tmp/grain` 被执行并启动 grain 进程（T1059），向 `/usr/log/xsd` 写入新文件（T1105），完成隐蔽工具投送。当前调查焦点为 nginx 派生的 crontab 进程所加载的具体脚本内容、注册的调度规则及其后续网络外联行为，同时需关联分析 root-shell 的指令历史、内存驻留痕迹、grain 进程的通信目标及行为特征，并深入核查 nginx 与 203.0.113.12:8080 的双向交互时序、bash 进程的上下文来源及权限提升路径。

[00:44:57.903] --- MITRE TTP 链 ---
  1. [Initial Access] T1190 (Exploit Public-Facing Application) - 25.159.96.207:80 → nginx
  2. [Initial Access] T1190 (Exploit Public-Facing Application) - 76.56.184.25:80 → nginx
  3. [Execution] T1059.004 (Unix Shell) - nginx → sshd
  4. [Execution] T1059.004 (Unix Shell) - nginx → crontab
  5. [Command and Control] T1071.001 (Web Protocols) - nginx → 155.162.39.48:80
  6. [Command and Control] T1071.001 (Web Protocols) - nginx → 203.0.113.12:8080
  7. [Execution] T1059.004 (Unix Shell) - sshd → root-shell
  8. [Execution] T1059 (Command and Scripting Interpreter) - /tmp/grain → grain
  9. [Command and Control] T1105 (Ingress Tool Transfer) - grain → /usr/log/xsd
  10. [Collection] T1005 (Data from Local System) - /etc/group → nginx
  11. [Command and Control] T1105 (Ingress Tool Transfer) - root-shell → /root/.ssh/authorized_keys
  12. [Credential Access] T1552.001 (Credentials In Files) - /root/.ssh/authorized_keys → sshd
  13. [Initial Access] T1190 (Exploit Public-Facing Application) - 203.0.113.12:8080 → bash
  14. [Command and Control] T1105 (Ingress Tool Transfer) - bash → /tmp/.cache

[00:44:58.100] --- Action Recorded ---
Action: 查找与 IP 7D401030-39B3-11E8-BF66-D9AA8AFF4A69 的其他通信
Result: no_results

[00:44:58.374] --- Action Recorded ---
Action: 查找文件 7D40103D-39B3-11E8-BF66-D9AA8AFF4A69 被哪些进程写入
Result: no_results

[00:44:58.608] --- Action Recorded ---
Action: 查找文件 7D40103A-39B3-11E8-BF66-D9AA8AFF4A69 被哪些进程执行
Result: no_results

[00:44:58.733] --- Action Recorded ---
Action: 查找文件 7D40103E-39B3-11E8-BF66-D9AA8AFF4A69 被哪些进程执行
Result: no_results

[00:44:59.013] --- Action Recorded ---
Action: 查找进程 7D40103F-39B3-11E8-BF66-D9AA8AFF4A69 读取的文件
Result: success

[00:44:59.179] --- Malicious Event Added ---
Event ID: 8D40105D-39B3-11E8-BF66-D9AA8AFF4A69
Event Type: EVENT_READ
MITRE: T1552.001

[00:45:07.407] 
============================================================
[00:45:07.407] [迭代 68] MEMORY STATE UPDATE
============================================================

[00:45:07.407] --- 叙述性攻击摘要 ---
攻击始于外部 IP 25.159.96.207:80 和 76.56.184.25:80 先后利用面向公众的应用漏洞（T1190）对 nginx 进程发起协同初始访问。获得执行权限后，nginx 立即读取 `/etc/group`（T1005）收集本地账户信息；随后派生 sshd 和 crontab 子进程执行恶意命令（T1059.004），进入并行执行阶段：sshd 建立持久化远程控制通道，crontab 植入定时任务实现驻留；值得注意的是，crontab 进程进一步读取 `/etc/passwd`（T1552.001），强化凭据窃取能力。与此同时，nginx 主动向两处 C2 服务器发起 Web 协议通信——先于 155.162.39.48:80（T1071.001），继而连接 203.0.113.12:8080（T1071.001）；后者反向向本地 bash 进程注入并完成控制权移交（T1190），bash 随即向 `/tmp/.cache` 写入数据（T1105）。sshd 派生 root-shell（T1059.004），向 `/root/.ssh/authorized_keys` 写入公钥（T1105），并复用该文件内凭据（T1552.001），体现横向扩展意图；恶意载荷 `/tmp/grain` 被执行并启动 grain 进程（T1059），向 `/usr/log/xsd` 写入新文件（T1105）。当前调查焦点为 crontab 进程所加载的具体脚本内容、注册的调度规则及其后续网络外联行为，同时需关联分析 root-shell 的指令历史、内存驻留痕迹、grain 进程的通信目标及行为特征，并深入核查 nginx 与 203.0.113.12:8080 的双向交互时序、bash 进程的上下文来源及权限提升路径。

[00:45:07.407] --- MITRE TTP 链 ---
  1. [Initial Access] T1190 (Exploit Public-Facing Application) - 25.159.96.207:80 → nginx
  2. [Initial Access] T1190 (Exploit Public-Facing Application) - 76.56.184.25:80 → nginx
  3. [Execution] T1059.004 (Unix Shell) - nginx → sshd
  4. [Execution] T1059.004 (Unix Shell) - nginx → crontab
  5. [Command and Control] T1071.001 (Web Protocols) - nginx → 155.162.39.48:80
  6. [Command and Control] T1071.001 (Web Protocols) - nginx → 203.0.113.12:8080
  7. [Execution] T1059.004 (Unix Shell) - sshd → root-shell
  8. [Execution] T1059 (Command and Scripting Interpreter) - /tmp/grain → grain
  9. [Command and Control] T1105 (Ingress Tool Transfer) - grain → /usr/log/xsd
  10. [Collection] T1005 (Data from Local System) - /etc/group → nginx
  11. [Command and Control] T1105 (Ingress Tool Transfer) - root-shell → /root/.ssh/authorized_keys
  12. [Credential Access] T1552.001 (Credentials In Files) - /root/.ssh/authorized_keys → sshd
  13. [Initial Access] T1190 (Exploit Public-Facing Application) - 203.0.113.12:8080 → bash
  14. [Command and Control] T1105 (Ingress Tool Transfer) - bash → /tmp/.cache
  15. [Credential Access] T1552.001 (Credentials In Files) - /etc/passwd → crontab

[00:45:07.514] --- Action Recorded ---
Action: 查找文件 7D401036-39B3-11E8-BF66-D9AA8AFF4A69 被哪些进程执行
Result: no_results

[00:45:07.796] --- Action Recorded ---
Action: 查找进程 7D40103C-39B3-11E8-BF66-D9AA8AFF4A69 接收的网络数据
Result: no_results
